<?xml version="1.0" encoding="UTF-8"?>
<!-- Generated by org.testng.reporters.JUnitXMLReporter -->
<testsuite ignored="0" hostname="MacBook-Air.local" failures="1" tests="1" name="EdgeTest" time="0.216" errors="0" timestamp="2025-07-13T16:18:30 CDT">
  <testcase classname="testCases.TC001_AcctRegTest" name="verifyaccRegtest" time="0.065">
    <failure type="java.lang.AssertionError" message="null">
      <![CDATA[java.lang.AssertionError: null
at testCases.TC001_AcctRegTest.verifyaccRegtest(TC001_AcctRegTest.java:71)
at java.base/java.util.ArrayList.forEach(ArrayList.java:1604)
at java.base/java.util.concurrent.FutureTask.run(FutureTask.java:328)
at java.base/java.util.concurrent.ThreadPoolExecutor.runWorker(ThreadPoolExecutor.java:1095)
at java.base/java.util.concurrent.ThreadPoolExecutor$Worker.run(ThreadPoolExecutor.java:619)
at java.base/java.lang.Thread.run(Thread.java:1447)
... Removed 17 stack frames]]>
    </failure>
  </testcase> <!-- verifyaccRegtest -->
</testsuite> <!-- EdgeTest -->
