<?xml version="1.0" encoding="UTF-8"?>
<!-- Generated by org.testng.reporters.JUnitXMLReporter -->
<testsuite ignored="0" hostname="MacBook-Air.local" failures="1" tests="1" name="Test" time="43.827" errors="0" timestamp="2025-07-31T16:35:10 CDT">
  <testcase classname="testCases.TC006_Checkoutoperation" name="endToendTest" time="38.57">
    <failure type="java.lang.AssertionError" message="The following asserts failed:
	expected [$100.00] but found [$200.00]">
      <![CDATA[java.lang.AssertionError: The following asserts failed:
expected [$100.00] but found [$200.00]
at testCases.TC006_Checkoutoperation.endToendTest(TC006_Checkoutoperation.java:144)
at java.base/java.util.ArrayList.forEach(ArrayList.java:1511)
... Removed 33 stack frames]]>
    </failure>
  </testcase> <!-- endToendTest -->
</testsuite> <!-- Test -->
